<?xml version="1.0" encoding="UTF-8"?>
<!-- Generated by org.testng.reporters.JUnitReportReporter -->
<testsuite hostname="AIPL8813LT20256" failures="0" tests="1" name="com.eclipse.sauceDemoProj.SauceDemoFullFlow" time="9.279" errors="0" timestamp="17 Apr 2025 12:15:43 GMT" skipped="0">
  <testcase classname="com.eclipse.sauceDemoProj.SauceDemoFullFlow" name="LoginToSauceDemoAndAddObjectsToCart" time="9.279"/>
</testsuite> <!-- com.eclipse.sauceDemoProj.SauceDemoFullFlow -->
